2025-07-01 22:13:42 - Datos reportados: Parpadeo en Ambos ojos con duración de 71 ms
2025-07-01 22:13:43 - Datos reportados: Parpadeo en Ambos ojos con duración de 206 ms
2025-07-01 22:13:47 - Datos reportados: Parpadeo en Ambos ojos con duración de 137 ms
2025-07-01 22:14:13 - Datos reportados: Parpadeo en Ambos ojos con duración de 68 ms
2025-07-01 22:20:09 - Datos reportados: Parpadeo en Ambos ojos con duración de 45 ms
2025-07-01 22:20:11 - Datos reportados: Parpadeo en Ambos ojos con duración de 39 ms
2025-07-01 22:20:11 - Datos reportados: Parpadeo en Ambos ojos con duración de 45 ms
2025-07-01 22:20:13 - Datos reportados: Parpadeo en Ambos ojos con duración de 101 ms
2025-07-01 22:20:23 - Datos reportados: Parpadeo en Ambos ojos con duración de 97 ms
2025-07-01 22:21:37 - Datos reportados: Parpadeo en Ambos ojos con duración de 43 ms
2025-07-01 22:26:15 - Datos reportados: Parpadeo en Ambos ojos con duración de 45 ms
2025-07-01 22:26:15 - Datos reportados: Parpadeo en Ambos ojos con duración de 40 ms
2025-07-01 22:26:15 - Datos reportados: Parpadeo en Ambos ojos con duración de 85 ms
2025-07-01 22:26:16 - Datos reportados: Parpadeo en Ambos ojos con duración de 41 ms
2025-07-01 22:26:16 - Datos reportados: Parpadeo en Ambos ojos con duración de 45 ms
2025-07-01 22:26:16 - Datos reportados: Parpadeo en Ambos ojos con duración de 44 ms
2025-07-01 22:26:16 - Datos reportados: Parpadeo en Ambos ojos con duración de 172 ms
2025-07-01 22:27:22 - Datos reportados: Parpadeo en Ambos ojos con duración de 40 ms
2025-07-01 22:33:19 - Datos reportados: Parpadeo en Ambos ojos con duración de 87 ms
2025-07-01 22:33:23 - Datos reportados: Parpadeo en Ambos ojos con duración de 43 ms
2025-07-01 22:42:22 - Datos reportados: Parpadeo en Ambos ojos con duración de 136 ms
2025-07-01 22:42:29 - Datos reportados: Parpadeo en Ambos ojos con duración de 64 ms
2025-07-01 22:48:02 - Datos reportados: Parpadeo en Ambos ojos con duración de 43 ms
2025-07-01 22:48:02 - Datos reportados: Parpadeo en Ambos ojos con duración de 40 ms
2025-07-01 22:48:03 - Datos reportados: Parpadeo en Ambos ojos con duración de 88 ms
2025-07-01 22:48:10 - Datos reportados: Parpadeo en Ambos ojos con duración de 83 ms
2025-07-01 22:48:12 - Datos reportados: Parpadeo en Ambos ojos con duración de 84 ms
2025-07-01 22:48:37 - Datos reportados: Parpadeo en Ambos ojos con duración de 85 ms
2025-07-01 22:48:44 - Datos reportados: Parpadeo en Ambos ojos con duración de 44 ms
2025-07-01 22:48:50 - Datos reportados: Parpadeo en Ambos ojos con duración de 84 ms
2025-07-01 22:48:56 - Datos reportados: Parpadeo en Ambos ojos con duración de 128 ms
2025-07-01 22:48:57 - En el último minuto:
2025-07-01 22:48:57 - - Total de parpadeos: 9
2025-07-01 22:48:57 - - Duración promedio del parpadeo: 75.50 ms
2025-07-01 22:48:57 - Parpadeos poco frecuentes y breves: posible fatiga leve.
2025-07-01 22:51:28 - Datos reportados: Parpadeo en Ambos ojos con duración de 68 ms
2025-07-01 22:55:20 - Datos reportados: Parpadeo en Ambos ojos con duración de 69 ms
2025-07-01 22:55:23 - Datos reportados: Parpadeo en Ambos ojos con duración de 70 ms
2025-07-01 22:55:25 - Datos reportados: Parpadeo en Ambos ojos con duración de 68 ms
2025-07-01 22:55:31 - Datos reportados: Parpadeo en Ambos ojos con duración de 69 ms
2025-07-01 22:58:26 - Datos reportados: Parpadeo en Ambos ojos con duración de 67 ms
2025-07-01 22:58:28 - Datos reportados: Parpadeo en Ambos ojos con duración de 67 ms
2025-07-01 22:58:28 - Datos reportados: Parpadeo en Ambos ojos con duración de 138 ms
2025-07-01 22:58:32 - Datos reportados: Parpadeo en Ambos ojos con duración de 72 ms
2025-07-01 22:59:26 - Datos reportados: Parpadeo en Ambos ojos con duración de 137 ms
2025-07-01 22:59:41 - Datos reportados: Parpadeo en Ambos ojos con duración de 67 ms
2025-07-01 23:00:03 - Datos reportados: Parpadeo en Ambos ojos con duración de 81 ms
2025-07-01 23:00:03 - Datos reportados: Parpadeo en Ambos ojos con duración de 83 ms
